#
# A fatal error has been detected by the Java Runtime Environment:
#
#  Internal Error (javaClasses.cpp:129), pid=804, tid=1432
#  fatal error: Invalid layout of preloaded class
#
# JRE version: 7.0_25-b17
# Java VM: Java HotSpot(TM) Client VM (23.25-b01 mixed mode windows-x86 )
# Failed to write core dump. Minidumps are not enabled by default on client versions of Windows
#
# If you would like to submit a bug report, please visit:
#   http://bugreport.sun.com/bugreport/crash.jsp
#

---------------  T H R E A D  ---------------

Current thread (0x0047b000):  JavaThread "Unknown thread" [_thread_in_vm, id=1432, stack(0x003e0000,0x00430000)]

Stack: [0x003e0000,0x00430000],  sp=0x0042f87c,  free space=318k
Native frames: (J=compiled Java code, j=interpreted, Vv=VM code, C=native code)
V  [jvm.dll+0x167e31]
V  [jvm.dll+0x1620f6]
V  [jvm.dll+0x1f92f]
V  [jvm.dll+0x1f9b6]
V  [jvm.dll+0x2cffd]
V  [jvm.dll+0x2d2a9]
V  [jvm.dll+0x75351]
V  [jvm.dll+0x7570b]
V  [jvm.dll+0x123881]
V  [jvm.dll+0x1439cc]
V  [jvm.dll+0xa619f]
C  [javaw.exe+0x13ca]
C  [javaw.exe+0x1e3c]
C  [javaw.exe+0xa5b1]
C  [javaw.exe+0xa63b]
C  [kernel32.dll+0x4ed6c]  BaseThreadInitThunk+0x12
C  [ntdll.dll+0x6377b]  RtlInitializeExceptionChain+0xef
C  [ntdll.dll+0x6374e]  RtlInitializeExceptionChain+0xc2


---------------  P R O C E S S  ---------------

Java Threads: ( => current thread )

Other Threads:

=>0x0047b000 (exited) JavaThread "Unknown thread" [_thread_in_vm, id=1432, stack(0x003e0000,0x00430000)]

VM state:not at safepoint (not fully initialized)

VM Mutex/Monitor currently owned by a thread: None

GC Heap History (0 events):
No events

Deoptimization events (0 events):
No events

Internal exceptions (0 events):
No events

Events (10 events):
Event: 0.040 loading class 0x01206608 done
Event: 0.041 loading class 0x0047f738 done
Event: 0.041 loading class 0x0047f710
Event: 0.041 loading class 0x01241b78
Event: 0.041 loading class 0x01241b78 done
Event: 0.041 loading class 0x01241bb0
Event: 0.041 loading class 0x01241bb0 done
Event: 0.041 loading class 0x012363e8
Event: 0.041 loading class 0x012363e8 done
Event: 0.041 loading class 0x0047f710 done


Dynamic libraries:
0x00370000 - 0x0039f000 	C:\Program Files\Java\jre7\bin\javaw.exe
0x778e0000 - 0x77a1c000 	C:\Windows\SYSTEM32\ntdll.dll
0x76170000 - 0x76244000 	C:\Windows\system32\kernel32.dll
0x75ba0000 - 0x75beb000 	C:\Windows\system32\KERNELBASE.dll
0x75ef0000 - 0x75f90000 	C:\Windows\system32\ADVAPI32.dll
0x77830000 - 0x778dc000 	C:\Windows\system32\msvcrt.dll
0x77af0000 - 0x77b09000 	C:\Windows\SYSTEM32\sechost.dll
0x75e40000 - 0x75ee1000 	C:\Windows\system32\RPCRT4.dll
0x76270000 - 0x76339000 	C:\Windows\system32\USER32.dll
0x760f0000 - 0x7613e000 	C:\Windows\system32\GDI32.dll
0x76340000 - 0x7634a000 	C:\Windows\system32\LPK.dll
0x773e0000 - 0x7747d000 	C:\Windows\system32\USP10.dll
0x74870000 - 0x74a0e000 	C:\Windows\WinSxS\x86_microsoft.windows.common-controls_6595b64144ccf1df_6.0.7601.17514_none_41e6975e2bd6f2b2\COMCTL32.dll
0x76350000 - 0x763a7000 	C:\Windows\system32\SHLWAPI.dll
0x76250000 - 0x7626f000 	C:\Windows\system32\IMM32.DLL
0x770a0000 - 0x7716c000 	C:\Windows\system32\MSCTF.dll
0x61f20000 - 0x61fde000 	C:\Program Files\Java\jre7\bin\msvcr100.dll
0x70cb0000 - 0x70ff2000 	C:\Program Files\Java\jre7\bin\client\jvm.dll
0x70300000 - 0x70307000 	C:\Windows\system32\WSOCK32.dll
0x77a30000 - 0x77a65000 	C:\Windows\system32\WS2_32.dll
0x763b0000 - 0x763b6000 	C:\Windows\system32\NSI.dll
0x73d50000 - 0x73d82000 	C:\Windows\system32\WINMM.dll
0x77a20000 - 0x77a25000 	C:\Windows\system32\PSAPI.DLL
0x71670000 - 0x7167c000 	C:\Program Files\Java\jre7\bin\verify.dll
0x709c0000 - 0x709e0000 	C:\Program Files\Java\jre7\bin\java.dll
0x709a0000 - 0x709b3000 	C:\Program Files\Java\jre7\bin\zip.dll
0x6e040000 - 0x6e12b000 	C:\Windows\system32\dbghelp.dll

VM Arguments:
jvm_args: -Dfile.encoding=Cp1252 -Xbootclasspath:C:\Users\Mark\android-sdks\platforms\android-7\android.jar 
java_command: com.mmann.notetaking.Note
Launcher Type: SUN_STANDARD

Environment Variables:
PATH=C:/Program Files/Java/jre7/bin/client;C:/Program Files/Java/jre7/bin;C:/Program Files/Java/jre7/lib/i386;C:\Program Files\NVIDIA Corporation\PhysX\Common;C:\Windows\system32;C:\Windows;C:\Windows\System32\Wbem;C:\Windows\System32\WindowsPowerShell\v1.0\;C:\Program Files\SMLNJ\bin\;C:\Program Files\MiKTeX 2.9\miktex\bin\;C:\Users\Mark\Downloads\eclipse-SDK-3.7.2-win32\eclipse;
USERNAME=Mark
OS=Windows_NT
PROCESSOR_IDENTIFIER=x86 Family 6 Model 23 Stepping 6, GenuineIntel



---------------  S Y S T E M  ---------------

OS: Windows 7 Build 7601 Service Pack 1

CPU:total 2 (2 cores per cpu, 1 threads per core) family 6 model 23 stepping 6, cmov, cx8, fxsr, mmx, sse, sse2, sse3, ssse3, sse4.1, tsc

Memory: 4k page, physical 3140496k(1205648k free), swap 6279240k(3763108k free)

vm_info: Java HotSpot(TM) Client VM (23.25-b01) for windows-x86 JRE (1.7.0_25-b17), built on Jun 21 2013 13:06:48 by "java_re" with unknown MS VC++:1600

time: Wed Jul 31 00:55:43 2013
elapsed time: 0 seconds

